  AnchoredSpring.cpp
  BuoyancyForceGenerator.cpp
  callbacks.cpp
  ExplosionForceGenerator.cpp
  Firework.cpp
  GravityForceGenerator.cpp
  main.cpp
  particle.cpp
  ParticleGenerator.cpp
  ParticleSystem.cpp
  PlatosGenerator.cpp
  RBShoot.cpp
  RBSystem.cpp
  RenderUtils.cpp
  Camera.cpp
  Render.cpp
D:\GitHub\Otros proyectos\Fisica\SimulacionFisicaVideojuegos\common\PhysX-3.4\PxShared\include\task\PxTask.h(329,1): warning C5220: "physx::PxLightCpuTask::mRefCount": un miembro de datos no estático con un tipo calificado volátil ya no implica
           que los constructores de copia/movimiento generados por el compilador y los operadores de asignación de copia o movimiento no sean triviales (compilando archivo de origen GravityForceGenerator.cpp)
D:\GitHub\Otros proyectos\Fisica\SimulacionFisicaVideojuegos\common\PhysX-3.4\PxShared\include\task\PxTask.h(326,19): message : vea la declaración de 'physx::PxLightCpuTask::mRefCount' (compilando archivo de origen GravityForceGenerator.cpp)
D:\GitHub\Otros proyectos\Fisica\SimulacionFisicaVideojuegos\skeleton\Render\Camera.cpp(88,19): warning C5219: conversión implícita de "int" a "float"; posible pérdida de datos
D:\GitHub\Otros proyectos\Fisica\SimulacionFisicaVideojuegos\skeleton\Render\Camera.cpp(90,19): warning C5219: conversión implícita de "int" a "float"; posible pérdida de datos
D:\GitHub\Otros proyectos\Fisica\SimulacionFisicaVideojuegos\common\PhysX-3.4\PxShared\include\task\PxTask.h(329,1): warning C5220: "physx::PxLightCpuTask::mRefCount": un miembro de datos no estático con un tipo calificado volátil ya no implica
           que los constructores de copia/movimiento generados por el compilador y los operadores de asignación de copia o movimiento no sean triviales (compilando archivo de origen Firework.cpp)
D:\GitHub\Otros proyectos\Fisica\SimulacionFisicaVideojuegos\common\PhysX-3.4\PxShared\include\task\PxTask.h(326,19): message : vea la declaración de 'physx::PxLightCpuTask::mRefCount' (compilando archivo de origen Firework.cpp)
D:\GitHub\Otros proyectos\Fisica\SimulacionFisicaVideojuegos\common\PhysX-3.4\PxShared\include\task\PxTask.h(329,1): warning C5220: "physx::PxLightCpuTask::mRefCount": un miembro de datos no estático con un tipo calificado volátil ya no implica
           que los constructores de copia/movimiento generados por el compilador y los operadores de asignación de copia o movimiento no sean triviales (compilando archivo de origen particle.cpp)
D:\GitHub\Otros proyectos\Fisica\SimulacionFisicaVideojuegos\common\PhysX-3.4\PxShared\include\task\PxTask.h(326,19): message : vea la declaración de 'physx::PxLightCpuTask::mRefCount' (compilando archivo de origen particle.cpp)
D:\GitHub\Otros proyectos\Fisica\SimulacionFisicaVideojuegos\common\PhysX-3.4\PxShared\include\task\PxTask.h(329,1): warning C5220: "physx::PxLightCpuTask::mRefCount": un miembro de datos no estático con un tipo calificado volátil ya no implica
           que los constructores de copia/movimiento generados por el compilador y los operadores de asignación de copia o movimiento no sean triviales (compilando archivo de origen main.cpp)
D:\GitHub\Otros proyectos\Fisica\SimulacionFisicaVideojuegos\common\PhysX-3.4\PxShared\include\task\PxTask.h(326,19): message : vea la declaración de 'physx::PxLightCpuTask::mRefCount' (compilando archivo de origen main.cpp)
D:\GitHub\Otros proyectos\Fisica\SimulacionFisicaVideojuegos\common\PhysX-3.4\PxShared\include\task\PxTask.h(329,1): warning C5220: "physx::PxLightCpuTask::mRefCount": un miembro de datos no estático con un tipo calificado volátil ya no implica
           que los constructores de copia/movimiento generados por el compilador y los operadores de asignación de copia o movimiento no sean triviales (compilando archivo de origen callbacks.cpp)
D:\GitHub\Otros proyectos\Fisica\SimulacionFisicaVideojuegos\common\PhysX-3.4\PxShared\include\task\PxTask.h(326,19): message : vea la declaración de 'physx::PxLightCpuTask::mRefCount' (compilando archivo de origen callbacks.cpp)
D:\GitHub\Otros proyectos\Fisica\SimulacionFisicaVideojuegos\common\PhysX-3.4\PxShared\include\task\PxTask.h(329,1): warning C5220: "physx::PxLightCpuTask::mRefCount": un miembro de datos no estático con un tipo calificado volátil ya no implica
           que los constructores de copia/movimiento generados por el compilador y los operadores de asignación de copia o movimiento no sean triviales (compilando archivo de origen ParticleGenerator.cpp)
D:\GitHub\Otros proyectos\Fisica\SimulacionFisicaVideojuegos\common\PhysX-3.4\PxShared\include\task\PxTask.h(326,19): message : vea la declaración de 'physx::PxLightCpuTask::mRefCount' (compilando archivo de origen ParticleGenerator.cpp)
D:\GitHub\Otros proyectos\Fisica\SimulacionFisicaVideojuegos\common\PhysX-3.4\PxShared\include\task\PxTask.h(329,1): warning C5220: "physx::PxLightCpuTask::mRefCount": un miembro de datos no estático con un tipo calificado volátil ya no implica
           que los constructores de copia/movimiento generados por el compilador y los operadores de asignación de copia o movimiento no sean triviales (compilando archivo de origen RBSystem.cpp)
D:\GitHub\Otros proyectos\Fisica\SimulacionFisicaVideojuegos\common\PhysX-3.4\PxShared\include\task\PxTask.h(326,19): message : vea la declaración de 'physx::PxLightCpuTask::mRefCount' (compilando archivo de origen RBSystem.cpp)
D:\GitHub\Otros proyectos\Fisica\SimulacionFisicaVideojuegos\common\PhysX-3.4\PxShared\include\task\PxTask.h(329,1): warning C5220: "physx::PxLightCpuTask::mRefCount": un miembro de datos no estático con un tipo calificado volátil ya no implica
           que los constructores de copia/movimiento generados por el compilador y los operadores de asignación de copia o movimiento no sean triviales (compilando archivo de origen Render\Render.cpp)
D:\GitHub\Otros proyectos\Fisica\SimulacionFisicaVideojuegos\common\PhysX-3.4\PxShared\include\task\PxTask.h(326,19): message : vea la declaración de 'physx::PxLightCpuTask::mRefCount' (compilando archivo de origen Render\Render.cpp)
D:\GitHub\Otros proyectos\Fisica\SimulacionFisicaVideojuegos\common\PhysX-3.4\PxShared\include\task\PxTask.h(329,1): warning C5220: "physx::PxLightCpuTask::mRefCount": un miembro de datos no estático con un tipo calificado volátil ya no implica
           que los constructores de copia/movimiento generados por el compilador y los operadores de asignación de copia o movimiento no sean triviales (compilando archivo de origen ExplosionForceGenerator.cpp)
D:\GitHub\Otros proyectos\Fisica\SimulacionFisicaVideojuegos\common\PhysX-3.4\PxShared\include\task\PxTask.h(326,19): message : vea la declaración de 'physx::PxLightCpuTask::mRefCount' (compilando archivo de origen ExplosionForceGenerator.cpp)
D:\GitHub\Otros proyectos\Fisica\SimulacionFisicaVideojuegos\common\PhysX-3.4\PxShared\include\task\PxTask.h(329,1): warning C5220: "physx::PxLightCpuTask::mRefCount": un miembro de datos no estático con un tipo calificado volátil ya no implica
           que los constructores de copia/movimiento generados por el compilador y los operadores de asignación de copia o movimiento no sean triviales (compilando archivo de origen AnchoredSpring.cpp)
D:\GitHub\Otros proyectos\Fisica\SimulacionFisicaVideojuegos\common\PhysX-3.4\PxShared\include\task\PxTask.h(326,19): message : vea la declaración de 'physx::PxLightCpuTask::mRefCount' (compilando archivo de origen AnchoredSpring.cpp)
D:\GitHub\Otros proyectos\Fisica\SimulacionFisicaVideojuegos\common\PhysX-3.4\PxShared\include\task\PxTask.h(329,1): warning C5220: "physx::PxLightCpuTask::mRefCount": un miembro de datos no estático con un tipo calificado volátil ya no implica
           que los constructores de copia/movimiento generados por el compilador y los operadores de asignación de copia o movimiento no sean triviales (compilando archivo de origen BuoyancyForceGenerator.cpp)
D:\GitHub\Otros proyectos\Fisica\SimulacionFisicaVideojuegos\common\PhysX-3.4\PxShared\include\task\PxTask.h(326,19): message : vea la declaración de 'physx::PxLightCpuTask::mRefCount' (compilando archivo de origen BuoyancyForceGenerator.cpp)
D:\GitHub\Otros proyectos\Fisica\SimulacionFisicaVideojuegos\common\PhysX-3.4\PxShared\include\task\PxTask.h(329,1): warning C5220: "physx::PxLightCpuTask::mRefCount": un miembro de datos no estático con un tipo calificado volátil ya no implica
           que los constructores de copia/movimiento generados por el compilador y los operadores de asignación de copia o movimiento no sean triviales (compilando archivo de origen ParticleSystem.cpp)
D:\GitHub\Otros proyectos\Fisica\SimulacionFisicaVideojuegos\common\PhysX-3.4\PxShared\include\task\PxTask.h(326,19): message : vea la declaración de 'physx::PxLightCpuTask::mRefCount' (compilando archivo de origen ParticleSystem.cpp)
D:\GitHub\Otros proyectos\Fisica\SimulacionFisicaVideojuegos\common\PhysX-3.4\PxShared\include\task\PxTask.h(329,1): warning C5220: "physx::PxLightCpuTask::mRefCount": un miembro de datos no estático con un tipo calificado volátil ya no implica
           que los constructores de copia/movimiento generados por el compilador y los operadores de asignación de copia o movimiento no sean triviales (compilando archivo de origen RenderUtils.cpp)
D:\GitHub\Otros proyectos\Fisica\SimulacionFisicaVideojuegos\common\PhysX-3.4\PxShared\include\task\PxTask.h(326,19): message : vea la declaración de 'physx::PxLightCpuTask::mRefCount' (compilando archivo de origen RenderUtils.cpp)
  RigidBodyForceRegistry.cpp
D:\GitHub\Otros proyectos\Fisica\SimulacionFisicaVideojuegos\common\PhysX-3.4\PxShared\include\task\PxTask.h(329,1): warning C5220: "physx::PxLightCpuTask::mRefCount": un miembro de datos no estático con un tipo calificado volátil ya no implica
           que los constructores de copia/movimiento generados por el compilador y los operadores de asignación de copia o movimiento no sean triviales (compilando archivo de origen RBShoot.cpp)
D:\GitHub\Otros proyectos\Fisica\SimulacionFisicaVideojuegos\common\PhysX-3.4\PxShared\include\task\PxTask.h(326,19): message : vea la declaración de 'physx::PxLightCpuTask::mRefCount' (compilando archivo de origen RBShoot.cpp)
D:\GitHub\Otros proyectos\Fisica\SimulacionFisicaVideojuegos\common\PhysX-3.4\PxShared\include\task\PxTask.h(329,1): warning C5220: "physx::PxLightCpuTask::mRefCount": un miembro de datos no estático con un tipo calificado volátil ya no implica
           que los constructores de copia/movimiento generados por el compilador y los operadores de asignación de copia o movimiento no sean triviales (compilando archivo de origen PlatosGenerator.cpp)
D:\GitHub\Otros proyectos\Fisica\SimulacionFisicaVideojuegos\common\PhysX-3.4\PxShared\include\task\PxTask.h(326,19): message : vea la declaración de 'physx::PxLightCpuTask::mRefCount' (compilando archivo de origen PlatosGenerator.cpp)
D:\GitHub\Otros proyectos\Fisica\SimulacionFisicaVideojuegos\common\PhysX-3.4\PxShared\include\task\PxTask.h(329,1): warning C5220: "physx::PxLightCpuTask::mRefCount": un miembro de datos no estático con un tipo calificado volátil ya no implica
           que los constructores de copia/movimiento generados por el compilador y los operadores de asignación de copia o movimiento no sean triviales (compilando archivo de origen RigidBodyForceRegistry.cpp)
D:\GitHub\Otros proyectos\Fisica\SimulacionFisicaVideojuegos\common\PhysX-3.4\PxShared\include\task\PxTask.h(326,19): message : vea la declaración de 'physx::PxLightCpuTask::mRefCount' (compilando archivo de origen RigidBodyForceRegistry.cpp)
D:\GitHub\Otros proyectos\Fisica\SimulacionFisicaVideojuegos\skeleton\Render\Render.cpp(407,28): warning C4267: 'inicializando': conversión de 'size_t' a 'int'; posible pérdida de datos
D:\GitHub\Otros proyectos\Fisica\SimulacionFisicaVideojuegos\skeleton\RenderUtils.cpp(51,32): warning C4100: 'y': parámetro formal sin referencia
D:\GitHub\Otros proyectos\Fisica\SimulacionFisicaVideojuegos\skeleton\RenderUtils.cpp(51,25): warning C4100: 'x': parámetro formal sin referencia
D:\GitHub\Otros proyectos\Fisica\SimulacionFisicaVideojuegos\skeleton\ForceGenerator.h(10,49): warning C4100: 't': parámetro formal sin referencia (compilando archivo de origen GravityForceGenerator.cpp)
D:\GitHub\Otros proyectos\Fisica\SimulacionFisicaVideojuegos\skeleton\ForceGenerator.h(10,38): warning C4100: 'rb': parámetro formal sin referencia (compilando archivo de origen GravityForceGenerator.cpp)
D:\GitHub\Otros proyectos\Fisica\SimulacionFisicaVideojuegos\skeleton\GravityForceGenerator.cpp(3,61): warning C4100: 't': parámetro formal sin referencia
D:\GitHub\Otros proyectos\Fisica\SimulacionFisicaVideojuegos\skeleton\GravityForceGenerator.cpp(8,63): warning C4100: 't': parámetro formal sin referencia
D:\GitHub\Otros proyectos\Fisica\SimulacionFisicaVideojuegos\skeleton\ForceGenerator.h(10,49): warning C4100: 't': parámetro formal sin referencia (compilando archivo de origen ParticleSystem.cpp)
D:\GitHub\Otros proyectos\Fisica\SimulacionFisicaVideojuegos\skeleton\ForceGenerator.h(10,38): warning C4100: 'rb': parámetro formal sin referencia (compilando archivo de origen ParticleSystem.cpp)
D:\GitHub\Otros proyectos\Fisica\SimulacionFisicaVideojuegos\skeleton\particle.cpp(4,7): warning C5038: miembro de datos "particle::p" se inicializará después de miembro de datos "particle::v"
D:\GitHub\Otros proyectos\Fisica\SimulacionFisicaVideojuegos\skeleton\particle.cpp(4,57): warning C5038: miembro de datos "particle::mass" se inicializará después de miembro de datos "particle::damp"
D:\GitHub\Otros proyectos\Fisica\SimulacionFisicaVideojuegos\skeleton\particle.cpp(60,13): warning C4458: la declaración de 'v' oculta el miembro de clase
D:\GitHub\Otros proyectos\Fisica\SimulacionFisicaVideojuegos\skeleton\particle.h(9,13): message : vea la declaración de 'particle::v' (compilando archivo de origen particle.cpp)
D:\GitHub\Otros proyectos\Fisica\SimulacionFisicaVideojuegos\skeleton\DragGenerator.h(22,1): warning C4266: 'void ForceGenerator::updateForce(RigidBody *,double)': no hay una invalidación disponible para la función miembro virtual desde la base 'ForceGenerator'; la función está oculta (compilando archivo de origen ParticleSystem.cpp)
D:\GitHub\Otros proyectos\Fisica\SimulacionFisicaVideojuegos\skeleton\ForceGenerator.h(10,15): message : vea la declaración de 'ForceGenerator::updateForce' (compilando archivo de origen ParticleSystem.cpp)
D:\GitHub\Otros proyectos\Fisica\SimulacionFisicaVideojuegos\skeleton\ForceGenerator.h(7,7): message : vea la declaración de 'ForceGenerator' (compilando archivo de origen ParticleSystem.cpp)
D:\GitHub\Otros proyectos\Fisica\SimulacionFisicaVideojuegos\skeleton\DragGenerator.h(8,57): warning C4100: 't': parámetro formal sin referencia (compilando archivo de origen ParticleSystem.cpp)
D:\GitHub\Otros proyectos\Fisica\SimulacionFisicaVideojuegos\skeleton\ExplosionForceGenerator.h(8,90): warning C5038: miembro de datos "ExplosionForceGenerator::radius" se inicializará después de miembro de datos "ExplosionForceGenerator::timeConstant" (compilando archivo de origen ParticleSystem.cpp)
D:\GitHub\Otros proyectos\Fisica\SimulacionFisicaVideojuegos\skeleton\VortexForceGenerator.h(11,1): warning C4266: 'void WindForceGenerator::updateForce(RigidBody *,double)': no hay una invalidación disponible para la función miembro virtual desde la base 'WindForceGenerator'; la función está oculta (compilando archivo de origen ParticleSystem.cpp)
D:\GitHub\Otros proyectos\Fisica\SimulacionFisicaVideojuegos\skeleton\WindForceGenerator.h(8,18): message : vea la declaración de 'WindForceGenerator::updateForce' (compilando archivo de origen ParticleSystem.cpp)
D:\GitHub\Otros proyectos\Fisica\SimulacionFisicaVideojuegos\skeleton\WindForceGenerator.h(3,7): message : vea la declaración de 'WindForceGenerator' (compilando archivo de origen ParticleSystem.cpp)
D:\GitHub\Otros proyectos\Fisica\SimulacionFisicaVideojuegos\skeleton\VortexForceGenerator.h(6,61): warning C5038: miembro de datos "VortexForceGenerator::K" se inicializará después de clase base "WindForceGenerator" (compilando archivo de origen ParticleSystem.cpp)
D:\GitHub\Otros proyectos\Fisica\SimulacionFisicaVideojuegos\skeleton\SpringForceGenerator.h(20,1): warning C4266: 'void ForceGenerator::updateForce(RigidBody *,double)': no hay una invalidación disponible para la función miembro virtual desde la base 'ForceGenerator'; la función está oculta (compilando archivo de origen ParticleSystem.cpp)
D:\GitHub\Otros proyectos\Fisica\SimulacionFisicaVideojuegos\skeleton\ForceGenerator.h(10,15): message : vea la declaración de 'ForceGenerator::updateForce' (compilando archivo de origen ParticleSystem.cpp)
D:\GitHub\Otros proyectos\Fisica\SimulacionFisicaVideojuegos\skeleton\ForceGenerator.h(7,7): message : vea la declaración de 'ForceGenerator' (compilando archivo de origen ParticleSystem.cpp)
D:\GitHub\Otros proyectos\Fisica\SimulacionFisicaVideojuegos\skeleton\BuoyancyForceGenerator.h(15,1): warning C4266: 'void ForceGenerator::updateForce(RigidBody *,double)': no hay una invalidación disponible para la función miembro virtual desde la base 'ForceGenerator'; la función está oculta (compilando archivo de origen ParticleSystem.cpp)
D:\GitHub\Otros proyectos\Fisica\SimulacionFisicaVideojuegos\skeleton\ForceGenerator.h(10,15): message : vea la declaración de 'ForceGenerator::updateForce' (compilando archivo de origen ParticleSystem.cpp)
D:\GitHub\Otros proyectos\Fisica\SimulacionFisicaVideojuegos\skeleton\ForceGenerator.h(7,7): message : vea la declaración de 'ForceGenerator' (compilando archivo de origen ParticleSystem.cpp)
D:\GitHub\Otros proyectos\Fisica\SimulacionFisicaVideojuegos\skeleton\ParticleSystem.cpp(71,42): warning C4100: 'vort': parámetro formal sin referencia
D:\GitHub\Otros proyectos\Fisica\SimulacionFisicaVideojuegos\skeleton\ParticleSystem.cpp(145,75): warning C5219: conversión implícita de "int" a "float"; posible pérdida de datos
D:\GitHub\Otros proyectos\Fisica\SimulacionFisicaVideojuegos\skeleton\ForceGenerator.h(10,49): warning C4100: 't': parámetro formal sin referencia (compilando archivo de origen ExplosionForceGenerator.cpp)
D:\GitHub\Otros proyectos\Fisica\SimulacionFisicaVideojuegos\skeleton\ForceGenerator.h(10,38): warning C4100: 'rb': parámetro formal sin referencia (compilando archivo de origen ExplosionForceGenerator.cpp)
D:\GitHub\Otros proyectos\Fisica\SimulacionFisicaVideojuegos\skeleton\ExplosionForceGenerator.h(8,90): warning C5038: miembro de datos "ExplosionForceGenerator::radius" se inicializará después de miembro de datos "ExplosionForceGenerator::timeConstant" (compilando archivo de origen ExplosionForceGenerator.cpp)
D:\GitHub\Otros proyectos\Fisica\SimulacionFisicaVideojuegos\skeleton\ForceGenerator.h(10,49): warning C4100: 't': parámetro formal sin referencia (compilando archivo de origen Firework.cpp)
D:\GitHub\Otros proyectos\Fisica\SimulacionFisicaVideojuegos\skeleton\ForceGenerator.h(10,38): warning C4100: 'rb': parámetro formal sin referencia (compilando archivo de origen Firework.cpp)
D:\GitHub\Otros proyectos\Fisica\SimulacionFisicaVideojuegos\skeleton\ForceGenerator.h(10,49): warning C4100: 't': parámetro formal sin referencia (compilando archivo de origen BuoyancyForceGenerator.cpp)
D:\GitHub\Otros proyectos\Fisica\SimulacionFisicaVideojuegos\skeleton\ForceGenerator.h(10,38): warning C4100: 'rb': parámetro formal sin referencia (compilando archivo de origen BuoyancyForceGenerator.cpp)
D:\GitHub\Otros proyectos\Fisica\SimulacionFisicaVideojuegos\skeleton\BuoyancyForceGenerator.h(15,1): warning C4266: 'void ForceGenerator::updateForce(RigidBody *,double)': no hay una invalidación disponible para la función miembro virtual desde la base 'ForceGenerator'; la función está oculta (compilando archivo de origen BuoyancyForceGenerator.cpp)
D:\GitHub\Otros proyectos\Fisica\SimulacionFisicaVideojuegos\skeleton\ForceGenerator.h(10,15): message : vea la declaración de 'ForceGenerator::updateForce' (compilando archivo de origen BuoyancyForceGenerator.cpp)
D:\GitHub\Otros proyectos\Fisica\SimulacionFisicaVideojuegos\skeleton\ForceGenerator.h(7,7): message : vea la declaración de 'ForceGenerator' (compilando archivo de origen BuoyancyForceGenerator.cpp)
D:\GitHub\Otros proyectos\Fisica\SimulacionFisicaVideojuegos\skeleton\BuoyancyForceGenerator.cpp(15,69): warning C4100: 't': parámetro formal sin referencia
D:\GitHub\Otros proyectos\Fisica\SimulacionFisicaVideojuegos\skeleton\ForceGenerator.h(10,49): warning C4100: 't': parámetro formal sin referencia (compilando archivo de origen ParticleGenerator.cpp)
D:\GitHub\Otros proyectos\Fisica\SimulacionFisicaVideojuegos\skeleton\ForceGenerator.h(10,38): warning C4100: 'rb': parámetro formal sin referencia (compilando archivo de origen ParticleGenerator.cpp)
D:\GitHub\Otros proyectos\Fisica\SimulacionFisicaVideojuegos\skeleton\DragGenerator.h(22,1): warning C4266: 'void ForceGenerator::updateForce(RigidBody *,double)': no hay una invalidación disponible para la función miembro virtual desde la base 'ForceGenerator'; la función está oculta (compilando archivo de origen Firework.cpp)
D:\GitHub\Otros proyectos\Fisica\SimulacionFisicaVideojuegos\skeleton\ForceGenerator.h(10,15): message : vea la declaración de 'ForceGenerator::updateForce' (compilando archivo de origen Firework.cpp)
D:\GitHub\Otros proyectos\Fisica\SimulacionFisicaVideojuegos\skeleton\ForceGenerator.h(7,7): message : vea la declaración de 'ForceGenerator' (compilando archivo de origen Firework.cpp)
D:\GitHub\Otros proyectos\Fisica\SimulacionFisicaVideojuegos\skeleton\DragGenerator.h(8,57): warning C4100: 't': parámetro formal sin referencia (compilando archivo de origen Firework.cpp)
D:\GitHub\Otros proyectos\Fisica\SimulacionFisicaVideojuegos\skeleton\ExplosionForceGenerator.h(8,90): warning C5038: miembro de datos "ExplosionForceGenerator::radius" se inicializará después de miembro de datos "ExplosionForceGenerator::timeConstant" (compilando archivo de origen Firework.cpp)
D:\GitHub\Otros proyectos\Fisica\SimulacionFisicaVideojuegos\skeleton\VortexForceGenerator.h(11,1): warning C4266: 'void WindForceGenerator::updateForce(RigidBody *,double)': no hay una invalidación disponible para la función miembro virtual desde la base 'WindForceGenerator'; la función está oculta (compilando archivo de origen Firework.cpp)
D:\GitHub\Otros proyectos\Fisica\SimulacionFisicaVideojuegos\skeleton\WindForceGenerator.h(8,18): message : vea la declaración de 'WindForceGenerator::updateForce' (compilando archivo de origen Firework.cpp)
D:\GitHub\Otros proyectos\Fisica\SimulacionFisicaVideojuegos\skeleton\WindForceGenerator.h(3,7): message : vea la declaración de 'WindForceGenerator' (compilando archivo de origen Firework.cpp)
D:\GitHub\Otros proyectos\Fisica\SimulacionFisicaVideojuegos\skeleton\VortexForceGenerator.h(6,61): warning C5038: miembro de datos "VortexForceGenerator::K" se inicializará después de clase base "WindForceGenerator" (compilando archivo de origen Firework.cpp)
D:\GitHub\Otros proyectos\Fisica\SimulacionFisicaVideojuegos\skeleton\SpringForceGenerator.h(20,1): warning C4266: 'void ForceGenerator::updateForce(RigidBody *,double)': no hay una invalidación disponible para la función miembro virtual desde la base 'ForceGenerator'; la función está oculta (compilando archivo de origen Firework.cpp)
D:\GitHub\Otros proyectos\Fisica\SimulacionFisicaVideojuegos\skeleton\ForceGenerator.h(10,15): message : vea la declaración de 'ForceGenerator::updateForce' (compilando archivo de origen Firework.cpp)
D:\GitHub\Otros proyectos\Fisica\SimulacionFisicaVideojuegos\skeleton\ForceGenerator.h(7,7): message : vea la declaración de 'ForceGenerator' (compilando archivo de origen Firework.cpp)
D:\GitHub\Otros proyectos\Fisica\SimulacionFisicaVideojuegos\skeleton\BuoyancyForceGenerator.h(15,1): warning C4266: 'void ForceGenerator::updateForce(RigidBody *,double)': no hay una invalidación disponible para la función miembro virtual desde la base 'ForceGenerator'; la función está oculta (compilando archivo de origen Firework.cpp)
D:\GitHub\Otros proyectos\Fisica\SimulacionFisicaVideojuegos\skeleton\ForceGenerator.h(10,15): message : vea la declaración de 'ForceGenerator::updateForce' (compilando archivo de origen Firework.cpp)
D:\GitHub\Otros proyectos\Fisica\SimulacionFisicaVideojuegos\skeleton\ForceGenerator.h(7,7): message : vea la declaración de 'ForceGenerator' (compilando archivo de origen Firework.cpp)
D:\GitHub\Otros proyectos\Fisica\SimulacionFisicaVideojuegos\skeleton\ForceGenerator.h(10,49): warning C4100: 't': parámetro formal sin referencia (compilando archivo de origen main.cpp)
D:\GitHub\Otros proyectos\Fisica\SimulacionFisicaVideojuegos\skeleton\ForceGenerator.h(10,38): warning C4100: 'rb': parámetro formal sin referencia (compilando archivo de origen main.cpp)
D:\GitHub\Otros proyectos\Fisica\SimulacionFisicaVideojuegos\skeleton\DragGenerator.h(22,1): warning C4266: 'void ForceGenerator::updateForce(RigidBody *,double)': no hay una invalidación disponible para la función miembro virtual desde la base 'ForceGenerator'; la función está oculta (compilando archivo de origen ParticleGenerator.cpp)
D:\GitHub\Otros proyectos\Fisica\SimulacionFisicaVideojuegos\skeleton\ForceGenerator.h(10,15): message : vea la declaración de 'ForceGenerator::updateForce' (compilando archivo de origen ParticleGenerator.cpp)
D:\GitHub\Otros proyectos\Fisica\SimulacionFisicaVideojuegos\skeleton\ForceGenerator.h(7,7): message : vea la declaración de 'ForceGenerator' (compilando archivo de origen ParticleGenerator.cpp)
D:\GitHub\Otros proyectos\Fisica\SimulacionFisicaVideojuegos\skeleton\DragGenerator.h(8,57): warning C4100: 't': parámetro formal sin referencia (compilando archivo de origen ParticleGenerator.cpp)
D:\GitHub\Otros proyectos\Fisica\SimulacionFisicaVideojuegos\skeleton\ExplosionForceGenerator.h(8,90): warning C5038: miembro de datos "ExplosionForceGenerator::radius" se inicializará después de miembro de datos "ExplosionForceGenerator::timeConstant" (compilando archivo de origen ParticleGenerator.cpp)
D:\GitHub\Otros proyectos\Fisica\SimulacionFisicaVideojuegos\skeleton\VortexForceGenerator.h(11,1): warning C4266: 'void WindForceGenerator::updateForce(RigidBody *,double)': no hay una invalidación disponible para la función miembro virtual desde la base 'WindForceGenerator'; la función está oculta (compilando archivo de origen ParticleGenerator.cpp)
D:\GitHub\Otros proyectos\Fisica\SimulacionFisicaVideojuegos\skeleton\WindForceGenerator.h(8,18): message : vea la declaración de 'WindForceGenerator::updateForce' (compilando archivo de origen ParticleGenerator.cpp)
D:\GitHub\Otros proyectos\Fisica\SimulacionFisicaVideojuegos\skeleton\WindForceGenerator.h(3,7): message : vea la declaración de 'WindForceGenerator' (compilando archivo de origen ParticleGenerator.cpp)
D:\GitHub\Otros proyectos\Fisica\SimulacionFisicaVideojuegos\skeleton\VortexForceGenerator.h(6,61): warning C5038: miembro de datos "VortexForceGenerator::K" se inicializará después de clase base "WindForceGenerator" (compilando archivo de origen ParticleGenerator.cpp)
D:\GitHub\Otros proyectos\Fisica\SimulacionFisicaVideojuegos\skeleton\SpringForceGenerator.h(20,1): warning C4266: 'void ForceGenerator::updateForce(RigidBody *,double)': no hay una invalidación disponible para la función miembro virtual desde la base 'ForceGenerator'; la función está oculta (compilando archivo de origen ParticleGenerator.cpp)
D:\GitHub\Otros proyectos\Fisica\SimulacionFisicaVideojuegos\skeleton\ForceGenerator.h(10,15): message : vea la declaración de 'ForceGenerator::updateForce' (compilando archivo de origen ParticleGenerator.cpp)
D:\GitHub\Otros proyectos\Fisica\SimulacionFisicaVideojuegos\skeleton\ForceGenerator.h(7,7): message : vea la declaración de 'ForceGenerator' (compilando archivo de origen ParticleGenerator.cpp)
D:\GitHub\Otros proyectos\Fisica\SimulacionFisicaVideojuegos\skeleton\ForceGenerator.h(10,49): warning C4100: 't': parámetro formal sin referencia (compilando archivo de origen AnchoredSpring.cpp)
D:\GitHub\Otros proyectos\Fisica\SimulacionFisicaVideojuegos\skeleton\BuoyancyForceGenerator.h(15,1): warning C4266: 'void ForceGenerator::updateForce(RigidBody *,double)': no hay una invalidación disponible para la función miembro virtual desde la base 'ForceGenerator'; la función está oculta (compilando archivo de origen ParticleGenerator.cpp)
D:\GitHub\Otros proyectos\Fisica\SimulacionFisicaVideojuegos\skeleton\ForceGenerator.h(10,15): message : vea la declaración de 'ForceGenerator::updateForce' (compilando archivo de origen ParticleGenerator.cpp)
D:\GitHub\Otros proyectos\Fisica\SimulacionFisicaVideojuegos\skeleton\ForceGenerator.h(7,7): message : vea la declaración de 'ForceGenerator' (compilando archivo de origen ParticleGenerator.cpp)
D:\GitHub\Otros proyectos\Fisica\SimulacionFisicaVideojuegos\skeleton\ForceGenerator.h(10,38): warning C4100: 'rb': parámetro formal sin referencia (compilando archivo de origen AnchoredSpring.cpp)
D:\GitHub\Otros proyectos\Fisica\SimulacionFisicaVideojuegos\skeleton\SpringForceGenerator.h(20,1): warning C4266: 'void ForceGenerator::updateForce(RigidBody *,double)': no hay una invalidación disponible para la función miembro virtual desde la base 'ForceGenerator'; la función está oculta (compilando archivo de origen AnchoredSpring.cpp)
D:\GitHub\Otros proyectos\Fisica\SimulacionFisicaVideojuegos\skeleton\ForceGenerator.h(10,15): message : vea la declaración de 'ForceGenerator::updateForce' (compilando archivo de origen AnchoredSpring.cpp)
D:\GitHub\Otros proyectos\Fisica\SimulacionFisicaVideojuegos\skeleton\ForceGenerator.h(7,7): message : vea la declaración de 'ForceGenerator' (compilando archivo de origen AnchoredSpring.cpp)
D:\GitHub\Otros proyectos\Fisica\SimulacionFisicaVideojuegos\skeleton\DragGenerator.h(22,1): warning C4266: 'void ForceGenerator::updateForce(RigidBody *,double)': no hay una invalidación disponible para la función miembro virtual desde la base 'ForceGenerator'; la función está oculta (compilando archivo de origen main.cpp)
D:\GitHub\Otros proyectos\Fisica\SimulacionFisicaVideojuegos\skeleton\ForceGenerator.h(10,15): message : vea la declaración de 'ForceGenerator::updateForce' (compilando archivo de origen main.cpp)
D:\GitHub\Otros proyectos\Fisica\SimulacionFisicaVideojuegos\skeleton\ForceGenerator.h(7,7): message : vea la declaración de 'ForceGenerator' (compilando archivo de origen main.cpp)
D:\GitHub\Otros proyectos\Fisica\SimulacionFisicaVideojuegos\skeleton\DragGenerator.h(8,57): warning C4100: 't': parámetro formal sin referencia (compilando archivo de origen main.cpp)
D:\GitHub\Otros proyectos\Fisica\SimulacionFisicaVideojuegos\skeleton\ExplosionForceGenerator.h(8,90): warning C5038: miembro de datos "ExplosionForceGenerator::radius" se inicializará después de miembro de datos "ExplosionForceGenerator::timeConstant" (compilando archivo de origen main.cpp)
D:\GitHub\Otros proyectos\Fisica\SimulacionFisicaVideojuegos\skeleton\VortexForceGenerator.h(11,1): warning C4266: 'void WindForceGenerator::updateForce(RigidBody *,double)': no hay una invalidación disponible para la función miembro virtual desde la base 'WindForceGenerator'; la función está oculta (compilando archivo de origen main.cpp)
D:\GitHub\Otros proyectos\Fisica\SimulacionFisicaVideojuegos\skeleton\WindForceGenerator.h(8,18): message : vea la declaración de 'WindForceGenerator::updateForce' (compilando archivo de origen main.cpp)
D:\GitHub\Otros proyectos\Fisica\SimulacionFisicaVideojuegos\skeleton\WindForceGenerator.h(3,7): message : vea la declaración de 'WindForceGenerator' (compilando archivo de origen main.cpp)
D:\GitHub\Otros proyectos\Fisica\SimulacionFisicaVideojuegos\skeleton\VortexForceGenerator.h(6,61): warning C5038: miembro de datos "VortexForceGenerator::K" se inicializará después de clase base "WindForceGenerator" (compilando archivo de origen main.cpp)
D:\GitHub\Otros proyectos\Fisica\SimulacionFisicaVideojuegos\skeleton\SpringForceGenerator.h(20,1): warning C4266: 'void ForceGenerator::updateForce(RigidBody *,double)': no hay una invalidación disponible para la función miembro virtual desde la base 'ForceGenerator'; la función está oculta (compilando archivo de origen main.cpp)
D:\GitHub\Otros proyectos\Fisica\SimulacionFisicaVideojuegos\skeleton\ForceGenerator.h(10,15): message : vea la declaración de 'ForceGenerator::updateForce' (compilando archivo de origen main.cpp)
D:\GitHub\Otros proyectos\Fisica\SimulacionFisicaVideojuegos\skeleton\ForceGenerator.h(7,7): message : vea la declaración de 'ForceGenerator' (compilando archivo de origen main.cpp)
D:\GitHub\Otros proyectos\Fisica\SimulacionFisicaVideojuegos\skeleton\BuoyancyForceGenerator.h(15,1): warning C4266: 'void ForceGenerator::updateForce(RigidBody *,double)': no hay una invalidación disponible para la función miembro virtual desde la base 'ForceGenerator'; la función está oculta (compilando archivo de origen main.cpp)
D:\GitHub\Otros proyectos\Fisica\SimulacionFisicaVideojuegos\skeleton\ForceGenerator.h(10,15): message : vea la declaración de 'ForceGenerator::updateForce' (compilando archivo de origen main.cpp)
D:\GitHub\Otros proyectos\Fisica\SimulacionFisicaVideojuegos\skeleton\ForceGenerator.h(7,7): message : vea la declaración de 'ForceGenerator' (compilando archivo de origen main.cpp)
  RigidBodyGenerator.cpp
D:\GitHub\Otros proyectos\Fisica\SimulacionFisicaVideojuegos\skeleton\Render\Render.cpp(132): warning C5045: El compilador insertará la mitigación de Spectre para la carga de memoria si se especificó el modificador /Qspectre
  D:\GitHub\Otros proyectos\Fisica\SimulacionFisicaVideojuegos\skeleton\Render\Render.cpp(121) : nota: el intervalo "nbPolys" del índice se comprobó por comparación en esta línea
  D:\GitHub\Otros proyectos\Fisica\SimulacionFisicaVideojuegos\common\PhysX-3.4\PxShared\include\foundation\PxVec3.h(105) : nota: suministra la carga de memoria en esta línea
  SpringForceGenerator.cpp
  VortexForceGenerator.cpp
  WindForceGenerator.cpp
D:\GitHub\Otros proyectos\Fisica\SimulacionFisicaVideojuegos\skeleton\ForceGenerator.h(10,49): warning C4100: 't': parámetro formal sin referencia (compilando archivo de origen RBSystem.cpp)
D:\GitHub\Otros proyectos\Fisica\SimulacionFisicaVideojuegos\skeleton\ForceGenerator.h(10,38): warning C4100: 'rb': parámetro formal sin referencia (compilando archivo de origen RBSystem.cpp)
D:\GitHub\Otros proyectos\Fisica\SimulacionFisicaVideojuegos\skeleton\ExplosionForceGenerator.h(8,90): warning C5038: miembro de datos "ExplosionForceGenerator::radius" se inicializará después de miembro de datos "ExplosionForceGenerator::timeConstant" (compilando archivo de origen RBSystem.cpp)
D:\GitHub\Otros proyectos\Fisica\SimulacionFisicaVideojuegos\skeleton\DragGenerator.h(22,1): warning C4266: 'void ForceGenerator::updateForce(RigidBody *,double)': no hay una invalidación disponible para la función miembro virtual desde la base 'ForceGenerator'; la función está oculta (compilando archivo de origen RBSystem.cpp)
D:\GitHub\Otros proyectos\Fisica\SimulacionFisicaVideojuegos\skeleton\ForceGenerator.h(10,15): message : vea la declaración de 'ForceGenerator::updateForce' (compilando archivo de origen RBSystem.cpp)
D:\GitHub\Otros proyectos\Fisica\SimulacionFisicaVideojuegos\skeleton\ForceGenerator.h(7,7): message : vea la declaración de 'ForceGenerator' (compilando archivo de origen RBSystem.cpp)
D:\GitHub\Otros proyectos\Fisica\SimulacionFisicaVideojuegos\skeleton\DragGenerator.h(8,57): warning C4100: 't': parámetro formal sin referencia (compilando archivo de origen RBSystem.cpp)
D:\GitHub\Otros proyectos\Fisica\SimulacionFisicaVideojuegos\skeleton\ParticleGenerator.cpp(94,26): warning C5219: conversión implícita de "int" a "float"; posible pérdida de datos
D:\GitHub\Otros proyectos\Fisica\SimulacionFisicaVideojuegos\skeleton\ParticleGenerator.cpp(95,26): warning C5219: conversión implícita de "int" a "float"; posible pérdida de datos
D:\GitHub\Otros proyectos\Fisica\SimulacionFisicaVideojuegos\skeleton\Firework.cpp(6,7): warning C5038: miembro de datos "Firework::p" se inicializará después de miembro de datos "Firework::v"
D:\GitHub\Otros proyectos\Fisica\SimulacionFisicaVideojuegos\skeleton\Firework.cpp(6,57): warning C5038: miembro de datos "Firework::mass" se inicializará después de miembro de datos "Firework::damp"
D:\GitHub\Otros proyectos\Fisica\SimulacionFisicaVideojuegos\skeleton\Firework.cpp(6,71): warning C5038: miembro de datos "Firework::damp" se inicializará después de miembro de datos "Firework::partS"
D:\GitHub\Otros proyectos\Fisica\SimulacionFisicaVideojuegos\skeleton\Firework.cpp(6,97): warning C5038: miembro de datos "Firework::generation" se inicializará después de miembro de datos "Firework::color"
D:\GitHub\Otros proyectos\Fisica\SimulacionFisicaVideojuegos\skeleton\Firework.cpp(6,124): warning C5038: miembro de datos "Firework::r" se inicializará después de miembro de datos "Firework::partG"
D:\GitHub\Otros proyectos\Fisica\SimulacionFisicaVideojuegos\skeleton\Firework.cpp(23,13): warning C4189: 'camera': la variable local se ha inicializado pero no se hace referencia a ella
D:\GitHub\Otros proyectos\Fisica\SimulacionFisicaVideojuegos\skeleton\main.cpp(107,33): warning C5219: conversión implícita de "int" a "float"; posible pérdida de datos
D:\GitHub\Otros proyectos\Fisica\SimulacionFisicaVideojuegos\skeleton\main.cpp(107,66): warning C5219: conversión implícita de "int" a "float"; posible pérdida de datos
D:\GitHub\Otros proyectos\Fisica\SimulacionFisicaVideojuegos\skeleton\main.cpp(106,17): warning C4189: 'camera': la variable local se ha inicializado pero no se hace referencia a ella
D:\GitHub\Otros proyectos\Fisica\SimulacionFisicaVideojuegos\skeleton\main.cpp(122,17): warning C4457: la declaración de 'camera' oculta el parámetro de función
D:\GitHub\Otros proyectos\Fisica\SimulacionFisicaVideojuegos\skeleton\main.cpp(114,53): message : vea la declaración de 'camera'
D:\GitHub\Otros proyectos\Fisica\SimulacionFisicaVideojuegos\skeleton\main.cpp(133,17): warning C4457: la declaración de 'camera' oculta el parámetro de función
D:\GitHub\Otros proyectos\Fisica\SimulacionFisicaVideojuegos\skeleton\main.cpp(114,53): message : vea la declaración de 'camera'
D:\GitHub\Otros proyectos\Fisica\SimulacionFisicaVideojuegos\skeleton\main.cpp(220): warning C4130: '==': operación lógica en dirección de una constante de cadena
D:\GitHub\Otros proyectos\Fisica\SimulacionFisicaVideojuegos\skeleton\main.cpp(224): warning C4130: '==': operación lógica en dirección de una constante de cadena
D:\GitHub\Otros proyectos\Fisica\SimulacionFisicaVideojuegos\skeleton\main.cpp(230): warning C4130: '==': operación lógica en dirección de una constante de cadena
D:\GitHub\Otros proyectos\Fisica\SimulacionFisicaVideojuegos\skeleton\main.cpp(236): warning C4130: '==': operación lógica en dirección de una constante de cadena
D:\GitHub\Otros proyectos\Fisica\SimulacionFisicaVideojuegos\common\PhysX-3.4\PxShared\include\task\PxTask.h(329,1): warning C5220: "physx::PxLightCpuTask::mRefCount": un miembro de datos no estático con un tipo calificado volátil ya no implica
           que los constructores de copia/movimiento generados por el compilador y los operadores de asignación de copia o movimiento no sean triviales (compilando archivo de origen SpringForceGenerator.cpp)
D:\GitHub\Otros proyectos\Fisica\SimulacionFisicaVideojuegos\common\PhysX-3.4\PxShared\include\task\PxTask.h(326,19): message : vea la declaración de 'physx::PxLightCpuTask::mRefCount' (compilando archivo de origen SpringForceGenerator.cpp)
D:\GitHub\Otros proyectos\Fisica\SimulacionFisicaVideojuegos\common\PhysX-3.4\PxShared\include\task\PxTask.h(329,1): warning C5220: "physx::PxLightCpuTask::mRefCount": un miembro de datos no estático con un tipo calificado volátil ya no implica
           que los constructores de copia/movimiento generados por el compilador y los operadores de asignación de copia o movimiento no sean triviales (compilando archivo de origen VortexForceGenerator.cpp)
D:\GitHub\Otros proyectos\Fisica\SimulacionFisicaVideojuegos\common\PhysX-3.4\PxShared\include\task\PxTask.h(326,19): message : vea la declaración de 'physx::PxLightCpuTask::mRefCount' (compilando archivo de origen VortexForceGenerator.cpp)
D:\GitHub\Otros proyectos\Fisica\SimulacionFisicaVideojuegos\common\PhysX-3.4\PxShared\include\task\PxTask.h(329,1): warning C5220: "physx::PxLightCpuTask::mRefCount": un miembro de datos no estático con un tipo calificado volátil ya no implica
           que los constructores de copia/movimiento generados por el compilador y los operadores de asignación de copia o movimiento no sean triviales (compilando archivo de origen WindForceGenerator.cpp)
D:\GitHub\Otros proyectos\Fisica\SimulacionFisicaVideojuegos\common\PhysX-3.4\PxShared\include\task\PxTask.h(326,19): message : vea la declaración de 'physx::PxLightCpuTask::mRefCount' (compilando archivo de origen WindForceGenerator.cpp)
D:\GitHub\Otros proyectos\Fisica\SimulacionFisicaVideojuegos\skeleton\ForceGenerator.h(10,49): warning C4100: 't': parámetro formal sin referencia (compilando archivo de origen RigidBodyForceRegistry.cpp)
D:\GitHub\Otros proyectos\Fisica\SimulacionFisicaVideojuegos\skeleton\ForceGenerator.h(10,38): warning C4100: 'rb': parámetro formal sin referencia (compilando archivo de origen RigidBodyForceRegistry.cpp)
D:\GitHub\Otros proyectos\Fisica\SimulacionFisicaVideojuegos\common\PhysX-3.4\PxShared\include\task\PxTask.h(329,1): warning C5220: "physx::PxLightCpuTask::mRefCount": un miembro de datos no estático con un tipo calificado volátil ya no implica
           que los constructores de copia/movimiento generados por el compilador y los operadores de asignación de copia o movimiento no sean triviales (compilando archivo de origen RigidBodyGenerator.cpp)
D:\GitHub\Otros proyectos\Fisica\SimulacionFisicaVideojuegos\common\PhysX-3.4\PxShared\include\task\PxTask.h(326,19): message : vea la declaración de 'physx::PxLightCpuTask::mRefCount' (compilando archivo de origen RigidBodyGenerator.cpp)
D:\GitHub\Otros proyectos\Fisica\SimulacionFisicaVideojuegos\skeleton\ForceGenerator.h(10,49): warning C4100: 't': parámetro formal sin referencia (compilando archivo de origen VortexForceGenerator.cpp)
D:\GitHub\Otros proyectos\Fisica\SimulacionFisicaVideojuegos\skeleton\ForceGenerator.h(10,38): warning C4100: 'rb': parámetro formal sin referencia (compilando archivo de origen VortexForceGenerator.cpp)
D:\GitHub\Otros proyectos\Fisica\SimulacionFisicaVideojuegos\skeleton\DragGenerator.h(22,1): warning C4266: 'void ForceGenerator::updateForce(RigidBody *,double)': no hay una invalidación disponible para la función miembro virtual desde la base 'ForceGenerator'; la función está oculta (compilando archivo de origen VortexForceGenerator.cpp)
D:\GitHub\Otros proyectos\Fisica\SimulacionFisicaVideojuegos\skeleton\ForceGenerator.h(10,15): message : vea la declaración de 'ForceGenerator::updateForce' (compilando archivo de origen VortexForceGenerator.cpp)
D:\GitHub\Otros proyectos\Fisica\SimulacionFisicaVideojuegos\skeleton\ForceGenerator.h(7,7): message : vea la declaración de 'ForceGenerator' (compilando archivo de origen VortexForceGenerator.cpp)
D:\GitHub\Otros proyectos\Fisica\SimulacionFisicaVideojuegos\skeleton\DragGenerator.h(8,57): warning C4100: 't': parámetro formal sin referencia (compilando archivo de origen VortexForceGenerator.cpp)
D:\GitHub\Otros proyectos\Fisica\SimulacionFisicaVideojuegos\skeleton\VortexForceGenerator.h(11,1): warning C4266: 'void WindForceGenerator::updateForce(RigidBody *,double)': no hay una invalidación disponible para la función miembro virtual desde la base 'WindForceGenerator'; la función está oculta (compilando archivo de origen VortexForceGenerator.cpp)
D:\GitHub\Otros proyectos\Fisica\SimulacionFisicaVideojuegos\skeleton\WindForceGenerator.h(8,18): message : vea la declaración de 'WindForceGenerator::updateForce' (compilando archivo de origen VortexForceGenerator.cpp)
D:\GitHub\Otros proyectos\Fisica\SimulacionFisicaVideojuegos\skeleton\WindForceGenerator.h(3,7): message : vea la declaración de 'WindForceGenerator' (compilando archivo de origen VortexForceGenerator.cpp)
D:\GitHub\Otros proyectos\Fisica\SimulacionFisicaVideojuegos\skeleton\VortexForceGenerator.h(6,61): warning C5038: miembro de datos "VortexForceGenerator::K" se inicializará después de clase base "WindForceGenerator" (compilando archivo de origen VortexForceGenerator.cpp)
D:\GitHub\Otros proyectos\Fisica\SimulacionFisicaVideojuegos\skeleton\VortexForceGenerator.cpp(3,60): warning C4100: 't': parámetro formal sin referencia
D:\GitHub\Otros proyectos\Fisica\SimulacionFisicaVideojuegos\skeleton\VortexForceGenerator.cpp(15,14): warning C4458: la declaración de 'K' oculta el miembro de clase
D:\GitHub\Otros proyectos\Fisica\SimulacionFisicaVideojuegos\skeleton\VortexForceGenerator.h(9,11): message : vea la declaración de 'VortexForceGenerator::K' (compilando archivo de origen VortexForceGenerator.cpp)
D:\GitHub\Otros proyectos\Fisica\SimulacionFisicaVideojuegos\skeleton\ForceGenerator.h(10,49): warning C4100: 't': parámetro formal sin referencia (compilando archivo de origen WindForceGenerator.cpp)
D:\GitHub\Otros proyectos\Fisica\SimulacionFisicaVideojuegos\skeleton\ForceGenerator.h(10,38): warning C4100: 'rb': parámetro formal sin referencia (compilando archivo de origen WindForceGenerator.cpp)
D:\GitHub\Otros proyectos\Fisica\SimulacionFisicaVideojuegos\skeleton\DragGenerator.h(22,1): warning C4266: 'void ForceGenerator::updateForce(RigidBody *,double)': no hay una invalidación disponible para la función miembro virtual desde la base 'ForceGenerator'; la función está oculta (compilando archivo de origen WindForceGenerator.cpp)
D:\GitHub\Otros proyectos\Fisica\SimulacionFisicaVideojuegos\skeleton\ForceGenerator.h(10,15): message : vea la declaración de 'ForceGenerator::updateForce' (compilando archivo de origen WindForceGenerator.cpp)
D:\GitHub\Otros proyectos\Fisica\SimulacionFisicaVideojuegos\skeleton\ForceGenerator.h(7,7): message : vea la declaración de 'ForceGenerator' (compilando archivo de origen WindForceGenerator.cpp)
D:\GitHub\Otros proyectos\Fisica\SimulacionFisicaVideojuegos\skeleton\DragGenerator.h(8,57): warning C4100: 't': parámetro formal sin referencia (compilando archivo de origen WindForceGenerator.cpp)
D:\GitHub\Otros proyectos\Fisica\SimulacionFisicaVideojuegos\skeleton\WindForceGenerator.cpp(5,65): warning C4100: 't': parámetro formal sin referencia
D:\GitHub\Otros proyectos\Fisica\SimulacionFisicaVideojuegos\skeleton\WindForceGenerator.cpp(11,60): warning C4100: 't': parámetro formal sin referencia
D:\GitHub\Otros proyectos\Fisica\SimulacionFisicaVideojuegos\skeleton\ForceGenerator.h(10,49): warning C4100: 't': parámetro formal sin referencia (compilando archivo de origen SpringForceGenerator.cpp)
D:\GitHub\Otros proyectos\Fisica\SimulacionFisicaVideojuegos\skeleton\ForceGenerator.h(10,38): warning C4100: 'rb': parámetro formal sin referencia (compilando archivo de origen SpringForceGenerator.cpp)
D:\GitHub\Otros proyectos\Fisica\SimulacionFisicaVideojuegos\skeleton\SpringForceGenerator.h(20,1): warning C4266: 'void ForceGenerator::updateForce(RigidBody *,double)': no hay una invalidación disponible para la función miembro virtual desde la base 'ForceGenerator'; la función está oculta (compilando archivo de origen SpringForceGenerator.cpp)
D:\GitHub\Otros proyectos\Fisica\SimulacionFisicaVideojuegos\skeleton\ForceGenerator.h(10,15): message : vea la declaración de 'ForceGenerator::updateForce' (compilando archivo de origen SpringForceGenerator.cpp)
D:\GitHub\Otros proyectos\Fisica\SimulacionFisicaVideojuegos\skeleton\ForceGenerator.h(7,7): message : vea la declaración de 'ForceGenerator' (compilando archivo de origen SpringForceGenerator.cpp)
D:\GitHub\Otros proyectos\Fisica\SimulacionFisicaVideojuegos\skeleton\SpringForceGenerator.cpp(3,67): warning C4100: 't': parámetro formal sin referencia
  game.vcxproj -> D:\GitHub\Otros proyectos\Fisica\SimulacionFisicaVideojuegos\bin\game.exe
